<?xml version="1.0" encoding="UTF-8"?>
<testsuite xmlns:xsi="http://www.w3.org/2001/XMLSchema-instance" xsi:noNamespaceSchemaLocation="https://maven.apache.org/surefire/maven-surefire-plugin/xsd/surefire-test-report.xsd" name="controller.TesteReserva" time="4,576.893" tests="53" errors="1" skipped="0" failures="6">
  <properties>
    <property name="sun.desktop" value="windows"/>
    <property name="awt.toolkit" value="sun.awt.windows.WToolkit"/>
    <property name="java.specification.version" value="11"/>
    <property name="sun.cpu.isalist" value="amd64"/>
    <property name="sun.jnu.encoding" value="Cp1252"/>
    <property name="java.class.path" value="C:\Users\pedro\Documents\oficina_2\gerenciamento_reservas_hotel\target\test-classes;C:\Users\pedro\Documents\oficina_2\gerenciamento_reservas_hotel\target\classes;C:\Users\pedro\.m2\repository\com\toedter\jcalendar\1.4\jcalendar-1.4.jar;C:\Users\pedro\.m2\repository\org\junit\jupiter\junit-jupiter-api\5.6.0\junit-jupiter-api-5.6.0.jar;C:\Users\pedro\.m2\repository\org\apiguardian\apiguardian-api\1.1.0\apiguardian-api-1.1.0.jar;C:\Users\pedro\.m2\repository\org\opentest4j\opentest4j\1.2.0\opentest4j-1.2.0.jar;C:\Users\pedro\.m2\repository\org\junit\platform\junit-platform-commons\1.6.0\junit-platform-commons-1.6.0.jar;C:\Users\pedro\.m2\repository\org\junit\jupiter\junit-jupiter-params\5.6.0\junit-jupiter-params-5.6.0.jar;C:\Users\pedro\.m2\repository\org\junit\jupiter\junit-jupiter-engine\5.6.0\junit-jupiter-engine-5.6.0.jar;C:\Users\pedro\.m2\repository\org\junit\platform\junit-platform-engine\1.6.0\junit-platform-engine-1.6.0.jar;C:\Users\pedro\.m2\repository\org\mockito\mockito-all\1.10.19\mockito-all-1.10.19.jar;C:\Users\pedro\.m2\repository\mysql\mysql-connector-java\8.0.23\mysql-connector-java-8.0.23.jar;C:\Users\pedro\.m2\repository\com\google\protobuf\protobuf-java\3.11.4\protobuf-java-3.11.4.jar;"/>
    <property name="java.vm.vendor" value="Oracle Corporation"/>
    <property name="sun.arch.data.model" value="64"/>
    <property name="user.variant" value=""/>
    <property name="java.vendor.url" value="https://openjdk.java.net/"/>
    <property name="user.timezone" value="America/Sao_Paulo"/>
    <property name="java.vm.specification.version" value="11"/>
    <property name="os.name" value="Windows 10"/>
    <property name="user.country" value="BR"/>
    <property name="sun.java.launcher" value="SUN_STANDARD"/>
    <property name="sun.boot.library.path" value="C:\Program Files\Java\jdk-11.0.13\bin"/>
    <property name="sun.java.command" value="C:\Users\pedro\AppData\Local\Temp\surefire4809828730296177416\surefirebooter13448875988192239302.jar C:\Users\pedro\AppData\Local\Temp\surefire4809828730296177416 2022-03-16T20-45-05_305-jvmRun1 surefire678239928026588147tmp surefire_014900876507285545933tmp"/>
    <property name="jdk.debug" value="release"/>
    <property name="surefire.test.class.path" value="C:\Users\pedro\Documents\oficina_2\gerenciamento_reservas_hotel\target\test-classes;C:\Users\pedro\Documents\oficina_2\gerenciamento_reservas_hotel\target\classes;C:\Users\pedro\.m2\repository\com\toedter\jcalendar\1.4\jcalendar-1.4.jar;C:\Users\pedro\.m2\repository\org\junit\jupiter\junit-jupiter-api\5.6.0\junit-jupiter-api-5.6.0.jar;C:\Users\pedro\.m2\repository\org\apiguardian\apiguardian-api\1.1.0\apiguardian-api-1.1.0.jar;C:\Users\pedro\.m2\repository\org\opentest4j\opentest4j\1.2.0\opentest4j-1.2.0.jar;C:\Users\pedro\.m2\repository\org\junit\platform\junit-platform-commons\1.6.0\junit-platform-commons-1.6.0.jar;C:\Users\pedro\.m2\repository\org\junit\jupiter\junit-jupiter-params\5.6.0\junit-jupiter-params-5.6.0.jar;C:\Users\pedro\.m2\repository\org\junit\jupiter\junit-jupiter-engine\5.6.0\junit-jupiter-engine-5.6.0.jar;C:\Users\pedro\.m2\repository\org\junit\platform\junit-platform-engine\1.6.0\junit-platform-engine-1.6.0.jar;C:\Users\pedro\.m2\repository\org\mockito\mockito-all\1.10.19\mockito-all-1.10.19.jar;C:\Users\pedro\.m2\repository\mysql\mysql-connector-java\8.0.23\mysql-connector-java-8.0.23.jar;C:\Users\pedro\.m2\repository\com\google\protobuf\protobuf-java\3.11.4\protobuf-java-3.11.4.jar;"/>
    <property name="sun.cpu.endian" value="little"/>
    <property name="user.home" value="C:\Users\pedro"/>
    <property name="user.language" value="pt"/>
    <property name="java.specification.vendor" value="Oracle Corporation"/>
    <property name="java.version.date" value="2021-10-19"/>
    <property name="java.home" value="C:\Program Files\Java\jdk-11.0.13"/>
    <property name="file.separator" value="\"/>
    <property name="basedir" value="C:\Users\pedro\Documents\oficina_2\gerenciamento_reservas_hotel"/>
    <property name="java.vm.compressedOopsMode" value="32-bit"/>
    <property name="line.separator" value="&#10;"/>
    <property name="java.specification.name" value="Java Platform API Specification"/>
    <property name="java.vm.specification.vendor" value="Oracle Corporation"/>
    <property name="java.awt.graphicsenv" value="sun.awt.Win32GraphicsEnvironment"/>
    <property name="surefire.real.class.path" value="C:\Users\pedro\AppData\Local\Temp\surefire4809828730296177416\surefirebooter13448875988192239302.jar"/>
    <property name="user.script" value=""/>
    <property name="sun.management.compiler" value="HotSpot 64-Bit Tiered Compilers"/>
    <property name="java.runtime.version" value="11.0.13+10-LTS-370"/>
    <property name="user.name" value="pedro"/>
    <property name="path.separator" value=";"/>
    <property name="os.version" value="10.0"/>
    <property name="java.runtime.name" value="Java(TM) SE Runtime Environment"/>
    <property name="file.encoding" value="UTF-8"/>
    <property name="java.vm.name" value="Java HotSpot(TM) 64-Bit Server VM"/>
    <property name="java.vendor.version" value="18.9"/>
    <property name="maven.ext.class.path" value="C:\Program Files\NetBeans-13\netbeans\java\maven-nblib\netbeans-eventspy.jar"/>
    <property name="localRepository" value="C:\Users\pedro\.m2\repository"/>
    <property name="java.vendor.url.bug" value="https://bugreport.java.com/bugreport/"/>
    <property name="java.io.tmpdir" value="C:\Users\pedro\AppData\Local\Temp\"/>
    <property name="java.version" value="11.0.13"/>
    <property name="user.dir" value="C:\Users\pedro\Documents\oficina_2\gerenciamento_reservas_hotel"/>
    <property name="os.arch" value="amd64"/>
    <property name="java.vm.specification.name" value="Java Virtual Machine Specification"/>
    <property name="java.awt.printerjob" value="sun.awt.windows.WPrinterJob"/>
    <property name="sun.os.patch.level" value=""/>
    <property name="java.library.path" value="C:\Program Files\Java\jdk-11.0.13\bin;C:\Windows\Sun\Java\bin;C:\Windows\system32;C:\Windows;C:\Program Files\Common Files\Oracle\Java\javapath;C:\ProgramData\Oracle\Java\javapath;C:\Windows\system32;C:\Windows;C:\Windows\System32\Wbem;C:\Windows\System32\WindowsPowerShell\v1.0\;C:\Windows\System32\OpenSSH\;C:\Program Files\Docker\Docker\resources\bin;C:\ProgramData\DockerDesktop\version-bin;C:\Program Files\Git\cmd;c:\opt\apache-maven-3.8.4\bin;C:\Program Files\Java\jdk-11.0.13\bin;C:\Users\pedro\AppData\Local\Microsoft\WindowsApps;;C:\Users\pedro\AppData\Local\Programs\Microsoft VS Code\bin;."/>
    <property name="java.vendor" value="Oracle Corporation"/>
    <property name="java.vm.info" value="mixed mode"/>
    <property name="java.vm.version" value="11.0.13+10-LTS-370"/>
    <property name="sun.io.unicode.encoding" value="UnicodeLittle"/>
    <property name="java.class.version" value="55.0"/>
  </properties>
  <testcase name="testeEditarReservaMockQuartoIdMenorUm" classname="controller.TesteReserva" time="0.235"/>
  <testcase name="testeEditarReservaMockDocEmpty" classname="controller.TesteReserva" time="0.223"/>
  <testcase name="testeEditarReservaMockDocNulll" classname="controller.TesteReserva" time="0.249"/>
  <testcase name="testeBuscarNomeDocumentoReservas" classname="controller.TesteReserva" time="0.265"/>
  <testcase name="testeCadastroReservaMock" classname="controller.TesteReserva" time="4,557.8">
    <failure message="expected: &lt;true&gt; but was: &lt;false&gt;" type="org.opentest4j.AssertionFailedError"><![CDATA[org.opentest4j.AssertionFailedError: expected: <true> but was: <false>
	at controller.TesteReserva.testeCadastroReservaMock(TesteReserva.java:89)
]]></failure>
  </testcase>
  <testcase name="testeBuscaReservasNomeDocCliMock" classname="controller.TesteReserva" time="0.268">
    <failure message="expected: &lt;Pedro&gt; but was: &lt;carlos&gt;" type="org.opentest4j.AssertionFailedError"><![CDATA[org.opentest4j.AssertionFailedError: expected: <Pedro> but was: <carlos>
	at controller.TesteReserva.testeBuscaReservasNomeDocCliMock(TesteReserva.java:428)
]]></failure>
  </testcase>
  <testcase name="testeBuscaReservasNumQuartoMenorUm" classname="controller.TesteReserva" time="0.231"/>
  <testcase name="testeCadastroReservaMockContatoEmpty" classname="controller.TesteReserva" time="0.235"/>
  <testcase name="testeEditarReservaMockContatoNull" classname="controller.TesteReserva" time="0.263"/>
  <testcase name="testeCadastroReservaMockNomeEmpty" classname="controller.TesteReserva" time="0.233"/>
  <testcase name="testeCadastroReservaMockNomeNulll" classname="controller.TesteReserva" time="0.235"/>
  <testcase name="testeEditarReservaMock" classname="controller.TesteReserva" time="0.242"/>
  <testcase name="testDataMaiorQue14Dias" classname="controller.TesteReserva" time="2.076">
    <failure message="expected: &lt;ERRO:Prazo maior que 14 dias&gt; but was: &lt;ERRO:Data Inicio não pode ser inferior a data atual&gt;" type="org.opentest4j.AssertionFailedError"><![CDATA[org.opentest4j.AssertionFailedError: expected: <ERRO:Prazo maior que 14 dias> but was: <ERRO:Data Inicio não pode ser inferior a data atual>
	at controller.TesteReserva.testDataMaiorQue14Dias(TesteReserva.java:595)
]]></failure>
  </testcase>
  <testcase name="testeBuscaReservasEntradaQuartoMock" classname="controller.TesteReserva" time="0.242"/>
  <testcase name="testeExcluirReservaMockQuartoIdMenorUm" classname="controller.TesteReserva" time="0.218"/>
  <testcase name="testeCadastroReservaMockFuncIdMenorUm" classname="controller.TesteReserva" time="0.265"/>
  <testcase name="testeBuscarTodasReservas" classname="controller.TesteReserva" time="0.294"/>
  <testcase name="testeCadastroReservaMockDocEmpty" classname="controller.TesteReserva" time="0.243"/>
  <testcase name="testeCadastroReservaMockDocNulll" classname="controller.TesteReserva" time="0.244"/>
  <testcase name="testeEditarReservaMockContatoEmptyFormatacao" classname="controller.TesteReserva" time="0.232"/>
  <testcase name="testeEditarReservaMockNomeEmpty" classname="controller.TesteReserva" time="0.279"/>
  <testcase name="testeEditarReservaMockNomeNulll" classname="controller.TesteReserva" time="0.222"/>
  <testcase name="testeEditarReservas" classname="controller.TesteReserva" time="0.239"/>
  <testcase name="testeBuscarDocumentoReservas" classname="controller.TesteReserva" time="0.258"/>
  <testcase name="testeExcluirReservaMock" classname="controller.TesteReserva" time="0.267"/>
  <testcase name="testeBuscaTodasReservasMock" classname="controller.TesteReserva" time="0.31"/>
  <testcase name="testeExcluirReservaMockEntradaEmptyFormatacao" classname="controller.TesteReserva" time="0.239"/>
  <testcase name="testeCadastroReservaMockContatoEmptyFormatacao" classname="controller.TesteReserva" time="0.233"/>
  <testcase name="testeCadastroReservas" classname="controller.TesteReserva" time="0.262"/>
  <testcase name="testeBuscaReservasNomeCliMock" classname="controller.TesteReserva" time="0.238">
    <failure message="expected: &lt;Pedro&gt; but was: &lt;carlos&gt;" type="org.opentest4j.AssertionFailedError"><![CDATA[org.opentest4j.AssertionFailedError: expected: <Pedro> but was: <carlos>
	at controller.TesteReserva.testeBuscaReservasNomeCliMock(TesteReserva.java:450)
]]></failure>
  </testcase>
  <testcase name="testeBuscarSaidaQuartoReservas" classname="controller.TesteReserva" time="0.256"/>
  <testcase name="testeCadastroReservaMockQuartoIdMenorUm" classname="controller.TesteReserva" time="0.228"/>
  <testcase name="testeEditarReservaMockEntradaEmpty" classname="controller.TesteReserva" time="0.234"/>
  <testcase name="testeCadastroReservaMockEntradaNull" classname="controller.TesteReserva" time="0.25"/>
  <testcase name="testeBuscaReservasEntradaSaidaQuartoMock" classname="controller.TesteReserva" time="0.275"/>
  <testcase name="testDataValida" classname="controller.TesteReserva" time="3.166">
    <error message="ERRO:Data Inicio não pode ser inferior a data atual" type="java.lang.RuntimeException">java.lang.RuntimeException: ERRO:Data Inicio não pode ser inferior a data atual
	at controller.TesteReserva.testDataValida(TesteReserva.java:582)
</error>
  </testcase>
  <testcase name="testeExcluirReservaMockEntradaNull" classname="controller.TesteReserva" time="0.235"/>
  <testcase name="testeBuscaReservasSaidaQuartoMock" classname="controller.TesteReserva" time="0.238"/>
  <testcase name="testeBuscarNomeReservas" classname="controller.TesteReserva" time="0.238"/>
  <testcase name="testeBuscarEntradaSaidaQuartoReservas" classname="controller.TesteReserva" time="0.248"/>
  <testcase name="testeCadastroReservaMockEntradaEmpty" classname="controller.TesteReserva" time="0.219"/>
  <testcase name="testDataInicioAnteriorADataAtual" classname="controller.TesteReserva" time="0.66"/>
  <testcase name="testeEditarReservaMockEntradaEmptyFormatacao" classname="controller.TesteReserva" time="0.223"/>
  <testcase name="testConvertStringDate" classname="controller.TesteReserva" time="0.26"/>
  <testcase name="testeExcluirReservaMockEntradaEmpty" classname="controller.TesteReserva" time="0.325"/>
  <testcase name="testeCadastroReservaMockContatoNull" classname="controller.TesteReserva" time="0.226"/>
  <testcase name="testeEditarReservaMockEntradaNull" classname="controller.TesteReserva" time="0.224"/>
  <testcase name="testeCadastroReservaMockEntradaEmptyFormatacao" classname="controller.TesteReserva" time="0.223"/>
  <testcase name="testeEditarReservaMockContatoEmpty" classname="controller.TesteReserva" time="0.237"/>
  <testcase name="testDataFimAnteriorADataInicio" classname="controller.TesteReserva" time="0.763">
    <failure message="expected: &lt;ERRO:Data Fim não pode ser anterior a data inicio&gt; but was: &lt;ERRO:Data Inicio não pode ser inferior a data atual&gt;" type="org.opentest4j.AssertionFailedError"><![CDATA[org.opentest4j.AssertionFailedError: expected: <ERRO:Data Fim não pode ser anterior a data inicio> but was: <ERRO:Data Inicio não pode ser inferior a data atual>
	at controller.TesteReserva.testDataFimAnteriorADataInicio(TesteReserva.java:608)
]]></failure>
  </testcase>
  <testcase name="testeBuscarEntradaQuartoReservas" classname="controller.TesteReserva" time="0.239"/>
  <testcase name="testDataFimIgualADataInicio" classname="controller.TesteReserva" time="0.581">
    <failure message="expected: &lt;ERRO:Data Fim não pode ser igual a data inicio&gt; but was: &lt;ERRO:Data Inicio não pode ser inferior a data atual&gt;" type="org.opentest4j.AssertionFailedError"><![CDATA[org.opentest4j.AssertionFailedError: expected: <ERRO:Data Fim não pode ser igual a data inicio> but was: <ERRO:Data Inicio não pode ser inferior a data atual>
	at controller.TesteReserva.testDataFimIgualADataInicio(TesteReserva.java:621)
]]></failure>
  </testcase>
  <testcase name="testeBuscaReservasDocCliMock" classname="controller.TesteReserva" time="0.234"/>
</testsuite>